Analysis & Synthesis report for RO_trng
Wed Nov 29 21:07:32 2023
Quartus Prime Version 18.1.0 Build 625 09/12/2018 SJ Lite Edition


---------------------
; Table of Contents ;
---------------------
  1. Legal Notice
  2. Analysis & Synthesis Summary
  3. Analysis & Synthesis Settings
  4. Parallel Compilation
  5. Analysis & Synthesis Source Files Read
  6. Analysis & Synthesis Resource Usage Summary
  7. Analysis & Synthesis Resource Utilization by Entity
  8. Analysis & Synthesis IP Cores Summary
  9. User-Specified and Inferred Latches
 10. General Register Statistics
 11. Inverted Register Statistics
 12. Port Connectivity Checks: "iclk:u0"
 13. Post-Synthesis Netlist Statistics for Top Partition
 14. Elapsed Time Per Partition
 15. Analysis & Synthesis Messages



----------------
; Legal Notice ;
----------------
Copyright (C) 2018  Intel Corporation. All rights reserved.
Your use of Intel Corporation's design tools, logic functions 
and other software and tools, and its AMPP partner logic 
functions, and any output files from any of the foregoing 
(including device programming or simulation files), and any 
associated documentation or information are expressly subject 
to the terms and conditions of the Intel Program License 
Subscription Agreement, the Intel Quartus Prime License Agreement,
the Intel FPGA IP License Agreement, or other applicable license
agreement, including, without limitation, that your use is for
the sole purpose of programming logic devices manufactured by
Intel and sold by Intel or its authorized distributors.  Please
refer to the applicable agreement for further details.



+-------------------------------------------------------------------------------+
; Analysis & Synthesis Summary                                                  ;
+---------------------------------+---------------------------------------------+
; Analysis & Synthesis Status     ; Successful - Wed Nov 29 21:07:32 2023       ;
; Quartus Prime Version           ; 18.1.0 Build 625 09/12/2018 SJ Lite Edition ;
; Revision Name                   ; RO_trng                                     ;
; Top-level Entity Name           ; RO_TRNG                                     ;
; Family                          ; Cyclone V                                   ;
; Logic utilization (in ALMs)     ; N/A                                         ;
; Total registers                 ; 42                                          ;
; Total pins                      ; 24                                          ;
; Total virtual pins              ; 0                                           ;
; Total block memory bits         ; 0                                           ;
; Total DSP Blocks                ; 0                                           ;
; Total HSSI RX PCSs              ; 0                                           ;
; Total HSSI PMA RX Deserializers ; 0                                           ;
; Total HSSI TX PCSs              ; 0                                           ;
; Total HSSI PMA TX Serializers   ; 0                                           ;
; Total PLLs                      ; 0                                           ;
; Total DLLs                      ; 0                                           ;
+---------------------------------+---------------------------------------------+


+---------------------------------------------------------------------------------------------------------------------------+
; Analysis & Synthesis Settings                                                                                             ;
+---------------------------------------------------------------------------------+--------------------+--------------------+
; Option                                                                          ; Setting            ; Default Value      ;
+---------------------------------------------------------------------------------+--------------------+--------------------+
; Device                                                                          ; 5CSEMA5F31C6       ;                    ;
; Top-level entity name                                                           ; RO_trng            ; RO_trng            ;
; Family name                                                                     ; Cyclone V          ; Cyclone V          ;
; Use smart compilation                                                           ; Off                ; Off                ;
; Enable parallel Assembler and Timing Analyzer during compilation                ; On                 ; On                 ;
; Enable compact report table                                                     ; Off                ; Off                ;
; Restructure Multiplexers                                                        ; Auto               ; Auto               ;
; MLAB Add Timing Constraints For Mixed-Port Feed-Through Mode Setting Don't Care ; Off                ; Off                ;
; Create Debugging Nodes for IP Cores                                             ; Off                ; Off                ;
; Preserve fewer node names                                                       ; On                 ; On                 ;
; Intel FPGA IP Evaluation Mode                                                   ; Enable             ; Enable             ;
; Verilog Version                                                                 ; Verilog_2001       ; Verilog_2001       ;
; VHDL Version                                                                    ; VHDL_1993          ; VHDL_1993          ;
; State Machine Processing                                                        ; Auto               ; Auto               ;
; Safe State Machine                                                              ; Off                ; Off                ;
; Extract Verilog State Machines                                                  ; On                 ; On                 ;
; Extract VHDL State Machines                                                     ; On                 ; On                 ;
; Ignore Verilog initial constructs                                               ; Off                ; Off                ;
; Iteration limit for constant Verilog loops                                      ; 5000               ; 5000               ;
; Iteration limit for non-constant Verilog loops                                  ; 250                ; 250                ;
; Add Pass-Through Logic to Inferred RAMs                                         ; On                 ; On                 ;
; Infer RAMs from Raw Logic                                                       ; On                 ; On                 ;
; Parallel Synthesis                                                              ; On                 ; On                 ;
; DSP Block Balancing                                                             ; Auto               ; Auto               ;
; NOT Gate Push-Back                                                              ; On                 ; On                 ;
; Power-Up Don't Care                                                             ; On                 ; On                 ;
; Remove Redundant Logic Cells                                                    ; Off                ; Off                ;
; Remove Duplicate Registers                                                      ; On                 ; On                 ;
; Ignore CARRY Buffers                                                            ; Off                ; Off                ;
; Ignore CASCADE Buffers                                                          ; Off                ; Off                ;
; Ignore GLOBAL Buffers                                                           ; Off                ; Off                ;
; Ignore ROW GLOBAL Buffers                                                       ; Off                ; Off                ;
; Ignore LCELL Buffers                                                            ; Off                ; Off                ;
; Ignore SOFT Buffers                                                             ; On                 ; On                 ;
; Limit AHDL Integers to 32 Bits                                                  ; Off                ; Off                ;
; Optimization Technique                                                          ; Balanced           ; Balanced           ;
; Carry Chain Length                                                              ; 70                 ; 70                 ;
; Auto Carry Chains                                                               ; On                 ; On                 ;
; Auto Open-Drain Pins                                                            ; On                 ; On                 ;
; Perform WYSIWYG Primitive Resynthesis                                           ; Off                ; Off                ;
; Auto ROM Replacement                                                            ; On                 ; On                 ;
; Auto RAM Replacement                                                            ; On                 ; On                 ;
; Auto DSP Block Replacement                                                      ; On                 ; On                 ;
; Auto Shift Register Replacement                                                 ; Auto               ; Auto               ;
; Allow Shift Register Merging across Hierarchies                                 ; Auto               ; Auto               ;
; Auto Clock Enable Replacement                                                   ; On                 ; On                 ;
; Strict RAM Replacement                                                          ; Off                ; Off                ;
; Allow Synchronous Control Signals                                               ; On                 ; On                 ;
; Force Use of Synchronous Clear Signals                                          ; Off                ; Off                ;
; Auto Resource Sharing                                                           ; Off                ; Off                ;
; Allow Any RAM Size For Recognition                                              ; Off                ; Off                ;
; Allow Any ROM Size For Recognition                                              ; Off                ; Off                ;
; Allow Any Shift Register Size For Recognition                                   ; Off                ; Off                ;
; Use LogicLock Constraints during Resource Balancing                             ; On                 ; On                 ;
; Ignore translate_off and synthesis_off directives                               ; Off                ; Off                ;
; Timing-Driven Synthesis                                                         ; On                 ; On                 ;
; Report Parameter Settings                                                       ; On                 ; On                 ;
; Report Source Assignments                                                       ; On                 ; On                 ;
; Report Connectivity Checks                                                      ; On                 ; On                 ;
; Ignore Maximum Fan-Out Assignments                                              ; Off                ; Off                ;
; Synchronization Register Chain Length                                           ; 3                  ; 3                  ;
; Power Optimization During Synthesis                                             ; Normal compilation ; Normal compilation ;
; HDL message level                                                               ; Level2             ; Level2             ;
; Suppress Register Optimization Related Messages                                 ; Off                ; Off                ;
; Number of Removed Registers Reported in Synthesis Report                        ; 5000               ; 5000               ;
; Number of Swept Nodes Reported in Synthesis Report                              ; 5000               ; 5000               ;
; Number of Inverted Registers Reported in Synthesis Report                       ; 100                ; 100                ;
; Clock MUX Protection                                                            ; On                 ; On                 ;
; Auto Gated Clock Conversion                                                     ; Off                ; Off                ;
; Block Design Naming                                                             ; Auto               ; Auto               ;
; SDC constraint protection                                                       ; Off                ; Off                ;
; Synthesis Effort                                                                ; Auto               ; Auto               ;
; Shift Register Replacement - Allow Asynchronous Clear Signal                    ; On                 ; On                 ;
; Pre-Mapping Resynthesis Optimization                                            ; Off                ; Off                ;
; Analysis & Synthesis Message Level                                              ; Medium             ; Medium             ;
; Disable Register Merging Across Hierarchies                                     ; Auto               ; Auto               ;
; Resource Aware Inference For Block RAM                                          ; On                 ; On                 ;
; Automatic Parallel Synthesis                                                    ; On                 ; On                 ;
; Partial Reconfiguration Bitstream ID                                            ; Off                ; Off                ;
+---------------------------------------------------------------------------------+--------------------+--------------------+


+------------------------------------------+
; Parallel Compilation                     ;
+----------------------------+-------------+
; Processors                 ; Number      ;
+----------------------------+-------------+
; Number detected on machine ; 16          ;
; Maximum allowed            ; 8           ;
;                            ;             ;
; Average used               ; 1.00        ;
; Maximum used               ; 8           ;
;                            ;             ;
; Usage by Processor         ; % Time Used ;
;     Processor 1            ; 100.0%      ;
;     Processors 2-8         ;   0.0%      ;
+----------------------------+-------------+


+--------------------------------------------------------------------------------------------------------------------------------------------------------------------------------------------------------------------------------------------------+
; Analysis & Synthesis Source Files Read                                                                                                                                                                                                           ;
+-------------------------------------------------------------------------------------------+-----------------+------------------------------+-------------------------------------------------------------------------------------------+---------+
; File Name with User-Entered Path                                                          ; Used in Netlist ; File Type                    ; File Name with Absolute Path                                                              ; Library ;
+-------------------------------------------------------------------------------------------+-----------------+------------------------------+-------------------------------------------------------------------------------------------+---------+
; RO_trng.vhd                                                                               ; yes             ; User VHDL File               ; C:/Users/colli/OneDrive/Fall23/371/Labs/lab4/Part2/RO_trng.vhd                            ;         ;
; c:/users/colli/onedrive/fall23/371/labs/lab4/part2/db/ip/iclk/iclk.v                      ; yes             ; Auto-Found Verilog HDL File  ; c:/users/colli/onedrive/fall23/371/labs/lab4/part2/db/ip/iclk/iclk.v                      ; iclk    ;
; c:/users/colli/onedrive/fall23/371/labs/lab4/part2/db/ip/iclk/submodules/altera_int_osc.v ; yes             ; Auto-Found Verilog HDL File  ; c:/users/colli/onedrive/fall23/371/labs/lab4/part2/db/ip/iclk/submodules/altera_int_osc.v ; iclk    ;
+-------------------------------------------------------------------------------------------+-----------------+------------------------------+-------------------------------------------------------------------------------------------+---------+


+-----------------------------------------------------------+
; Analysis & Synthesis Resource Usage Summary               ;
+---------------------------------------------+-------------+
; Resource                                    ; Usage       ;
+---------------------------------------------+-------------+
; Estimate of Logic utilization (ALMs needed) ; 35          ;
;                                             ;             ;
; Combinational ALUT usage for logic          ; 61          ;
;     -- 7 input functions                    ; 0           ;
;     -- 6 input functions                    ; 0           ;
;     -- 5 input functions                    ; 0           ;
;     -- 4 input functions                    ; 0           ;
;     -- <=3 input functions                  ; 61          ;
;                                             ;             ;
; Dedicated logic registers                   ; 42          ;
;                                             ;             ;
; I/O pins                                    ; 24          ;
;                                             ;             ;
; Total DSP Blocks                            ; 0           ;
;                                             ;             ;
; Maximum fan-out node                        ; reset~input ;
; Maximum fan-out                             ; 42          ;
; Total fan-out                               ; 295         ;
; Average fan-out                             ; 1.94        ;
+---------------------------------------------+-------------+


+-----------------------------------------------------------------------------------------------------------------------------------------------------------------------------------------------------------------------+
; Analysis & Synthesis Resource Utilization by Entity                                                                                                                                                                   ;
+----------------------------------+---------------------+---------------------------+-------------------+------------+------+--------------+-------------------------------------------+----------------+--------------+
; Compilation Hierarchy Node       ; Combinational ALUTs ; Dedicated Logic Registers ; Block Memory Bits ; DSP Blocks ; Pins ; Virtual Pins ; Full Hierarchy Name                       ; Entity Name    ; Library Name ;
+----------------------------------+---------------------+---------------------------+-------------------+------------+------+--------------+-------------------------------------------+----------------+--------------+
; |RO_TRNG                         ; 61 (61)             ; 42 (42)                   ; 0                 ; 0          ; 24   ; 0            ; |RO_TRNG                                  ; RO_TRNG        ; work         ;
;    |iclk:u0|                     ; 0 (0)               ; 0 (0)                     ; 0                 ; 0          ; 0    ; 0            ; |RO_TRNG|iclk:u0                          ; iclk           ; iclk         ;
;       |altera_int_osc:int_osc_0| ; 0 (0)               ; 0 (0)                     ; 0                 ; 0          ; 0    ; 0            ; |RO_TRNG|iclk:u0|altera_int_osc:int_osc_0 ; altera_int_osc ; iclk         ;
+----------------------------------+---------------------+---------------------------+-------------------+------------+------+--------------+-------------------------------------------+----------------+--------------+
Note: For table entries with two numbers listed, the numbers in parentheses indicate the number of resources of the given type used by the specific entity alone. The numbers listed outside of parentheses indicate the total resources of the given type used by the specific entity and all of its sub-entities in the hierarchy.


+----------------------------------------------------------------------------------------------------------------------------------------------------------------------------+
; Analysis & Synthesis IP Cores Summary                                                                                                                                      ;
+--------+----------------+---------+--------------+--------------+-------------------------------------------+--------------------------------------------------------------+
; Vendor ; IP Core Name   ; Version ; Release Date ; License Type ; Entity Instance                           ; IP Include File                                              ;
+--------+----------------+---------+--------------+--------------+-------------------------------------------+--------------------------------------------------------------+
; N/A    ; Qsys           ; 18.1    ; N/A          ; N/A          ; |RO_TRNG|iclk:u0                          ; C:/Users/colli/OneDrive/Fall23/371/Labs/lab4/Part2/iclk.qsys ;
; Altera ; altera_int_osc ; 18.1    ; N/A          ; N/A          ; |RO_TRNG|iclk:u0|altera_int_osc:int_osc_0 ; C:/Users/colli/OneDrive/Fall23/371/Labs/lab4/Part2/iclk.qsys ;
+--------+----------------+---------+--------------+--------------+-------------------------------------------+--------------------------------------------------------------+


+----------------------------------------------------------------------------------------------------+
; User-Specified and Inferred Latches                                                                ;
+-----------------------------------------------------+---------------------+------------------------+
; Latch Name                                          ; Latch Enable Signal ; Free of Timing Hazards ;
+-----------------------------------------------------+---------------------+------------------------+
; trn[0]$latch                                        ; sample              ; yes                    ;
; trn[1]$latch                                        ; sample              ; yes                    ;
; trn[2]$latch                                        ; sample              ; yes                    ;
; trn[3]$latch                                        ; sample              ; yes                    ;
; trn[4]$latch                                        ; sample              ; yes                    ;
; trn[5]$latch                                        ; sample              ; yes                    ;
; trn[6]$latch                                        ; sample              ; yes                    ;
; trn[7]$latch                                        ; sample              ; yes                    ;
; trn[8]$latch                                        ; sample              ; yes                    ;
; trn[9]$latch                                        ; sample              ; yes                    ;
; trn[10]$latch                                       ; sample              ; yes                    ;
; trn[11]$latch                                       ; sample              ; yes                    ;
; trn[12]$latch                                       ; sample              ; yes                    ;
; trn[13]$latch                                       ; sample              ; yes                    ;
; trn[14]$latch                                       ; sample              ; yes                    ;
; trn[15]$latch                                       ; sample              ; yes                    ;
; trn[16]$latch                                       ; sample              ; yes                    ;
; trn[17]$latch                                       ; sample              ; yes                    ;
; trn[18]$latch                                       ; sample              ; yes                    ;
; trn[19]$latch                                       ; sample              ; yes                    ;
; trn[20]$latch                                       ; sample              ; yes                    ;
; Number of user-specified and inferred latches = 21  ;                     ;                        ;
+-----------------------------------------------------+---------------------+------------------------+
Note: All latches listed above may not be present at the end of synthesis due to various synthesis optimizations.


+------------------------------------------------------+
; General Register Statistics                          ;
+----------------------------------------------+-------+
; Statistic                                    ; Value ;
+----------------------------------------------+-------+
; Total registers                              ; 42    ;
; Number of registers using Synchronous Clear  ; 0     ;
; Number of registers using Synchronous Load   ; 0     ;
; Number of registers using Asynchronous Clear ; 42    ;
; Number of registers using Asynchronous Load  ; 0     ;
; Number of registers using Clock Enable       ; 0     ;
; Number of registers using Preset             ; 0     ;
+----------------------------------------------+-------+


+---------------------------------------------------+
; Inverted Register Statistics                      ;
+-----------------------------------------+---------+
; Inverted Register                       ; Fan out ;
+-----------------------------------------+---------+
; ring[0]                                 ; 2       ;
; ring2[0]                                ; 2       ;
; ring2[1]                                ; 2       ;
; ring2[2]                                ; 2       ;
; ring[3]                                 ; 2       ;
; ring[5]                                 ; 2       ;
; ring[6]                                 ; 2       ;
; ring[7]                                 ; 2       ;
; ring2[7]                                ; 2       ;
; ring2[8]                                ; 2       ;
; ring[9]                                 ; 2       ;
; ring2[9]                                ; 2       ;
; ring[10]                                ; 2       ;
; ring[12]                                ; 2       ;
; ring2[12]                               ; 2       ;
; ring[14]                                ; 2       ;
; ring2[14]                               ; 2       ;
; ring[15]                                ; 2       ;
; ring2[16]                               ; 2       ;
; ring[17]                                ; 2       ;
; ring2[17]                               ; 2       ;
; ring2[19]                               ; 2       ;
; ring[20]                                ; 2       ;
; ring2[20]                               ; 2       ;
; Total number of inverted registers = 24 ;         ;
+-----------------------------------------+---------+


+--------------------------------------------------+
; Port Connectivity Checks: "iclk:u0"              ;
+----------------+-------+----------+--------------+
; Port           ; Type  ; Severity ; Details      ;
+----------------+-------+----------+--------------+
; iclk_en_oscena ; Input ; Info     ; Stuck at VCC ;
+----------------+-------+----------+--------------+


+-----------------------------------------------------+
; Post-Synthesis Netlist Statistics for Top Partition ;
+-----------------------+-----------------------------+
; Type                  ; Count                       ;
+-----------------------+-----------------------------+
; arriav_ff             ; 42                          ;
;     CLR               ; 42                          ;
; arriav_lcell_comb     ; 61                          ;
;     normal            ; 61                          ;
;         0 data inputs ; 1                           ;
;         1 data inputs ; 18                          ;
;         2 data inputs ; 21                          ;
;         3 data inputs ; 21                          ;
; arriav_oscillator     ; 1                           ;
; boundary_port         ; 24                          ;
;                       ;                             ;
; Max LUT depth         ; 2.00                        ;
; Average LUT depth     ; 1.63                        ;
+-----------------------+-----------------------------+


+-------------------------------+
; Elapsed Time Per Partition    ;
+----------------+--------------+
; Partition Name ; Elapsed Time ;
+----------------+--------------+
; Top            ; 00:00:00     ;
+----------------+--------------+


+-------------------------------+
; Analysis & Synthesis Messages ;
+-------------------------------+
Info: *******************************************************************
Info: Running Quartus Prime Analysis & Synthesis
    Info: Version 18.1.0 Build 625 09/12/2018 SJ Lite Edition
    Info: Processing started: Wed Nov 29 21:07:18 2023
Info: Command: quartus_map --read_settings_files=on --write_settings_files=off RO_trng -c RO_trng
Warning (18236): Number of processors has not been specified which may cause overloading on shared machines.  Set the global assignment NUM_PARALLEL_PROCESSORS in your QSF to an appropriate value for best performance.
Info (20030): Parallel compilation is enabled and will use 8 of the 8 processors detected
Info (12248): Elaborating Platform Designer system entity "iclk.qsys"
Info (12250): 2023.11.29.21:07:28 Progress: Loading Part2/iclk.qsys
Info (12250): 2023.11.29.21:07:29 Progress: Reading input file
Info (12250): 2023.11.29.21:07:29 Progress: Adding int_osc_0 [altera_int_osc 20.1]
Warning (12251): Int_osc_0: Used altera_int_osc 18.1 (instead of 20.1)
Info (12250): 2023.11.29.21:07:29 Progress: Parameterizing module int_osc_0
Info (12250): 2023.11.29.21:07:29 Progress: Building connections
Info (12250): 2023.11.29.21:07:29 Progress: Parameterizing connections
Info (12250): 2023.11.29.21:07:29 Progress: Validating
Info (12250): 2023.11.29.21:07:29 Progress: Done reading input file
Info (12250): Iclk: Generating iclk "iclk" for QUARTUS_SYNTH
Info (12250): Int_osc_0: Generating top-level entity altera_int_osc.
Info (12250): Int_osc_0: "iclk" instantiated altera_int_osc "int_osc_0"
Info (12250): Iclk: Done "iclk" with 2 modules, 2 files
Info (12249): Finished elaborating Platform Designer system entity "iclk.qsys"
Info (12021): Found 2 design units, including 1 entities, in source file ro_trng.vhd
    Info (12022): Found design unit 1: RO_TRNG-Behavioral File: C:/Users/colli/OneDrive/Fall23/371/Labs/lab4/Part2/RO_trng.vhd Line: 12
    Info (12023): Found entity 1: RO_TRNG File: C:/Users/colli/OneDrive/Fall23/371/Labs/lab4/Part2/RO_trng.vhd Line: 5
Info (12021): Found 1 design units, including 1 entities, in source file db/ip/iclk/iclk.v
    Info (12023): Found entity 1: iclk File: C:/Users/colli/OneDrive/Fall23/371/Labs/lab4/Part2/db/ip/iclk/iclk.v Line: 6
Info (12021): Found 1 design units, including 1 entities, in source file db/ip/iclk/submodules/altera_int_osc.v
    Info (12023): Found entity 1: altera_int_osc File: C:/Users/colli/OneDrive/Fall23/371/Labs/lab4/Part2/db/ip/iclk/submodules/altera_int_osc.v Line: 28
Info (12127): Elaborating entity "RO_trng" for the top level hierarchy
Info (10041): Inferred latch for "trn[0]" at RO_trng.vhd(36) File: C:/Users/colli/OneDrive/Fall23/371/Labs/lab4/Part2/RO_trng.vhd Line: 36
Info (10041): Inferred latch for "trn[1]" at RO_trng.vhd(36) File: C:/Users/colli/OneDrive/Fall23/371/Labs/lab4/Part2/RO_trng.vhd Line: 36
Info (10041): Inferred latch for "trn[2]" at RO_trng.vhd(36) File: C:/Users/colli/OneDrive/Fall23/371/Labs/lab4/Part2/RO_trng.vhd Line: 36
Info (10041): Inferred latch for "trn[3]" at RO_trng.vhd(36) File: C:/Users/colli/OneDrive/Fall23/371/Labs/lab4/Part2/RO_trng.vhd Line: 36
Info (10041): Inferred latch for "trn[4]" at RO_trng.vhd(36) File: C:/Users/colli/OneDrive/Fall23/371/Labs/lab4/Part2/RO_trng.vhd Line: 36
Info (10041): Inferred latch for "trn[5]" at RO_trng.vhd(36) File: C:/Users/colli/OneDrive/Fall23/371/Labs/lab4/Part2/RO_trng.vhd Line: 36
Info (10041): Inferred latch for "trn[6]" at RO_trng.vhd(36) File: C:/Users/colli/OneDrive/Fall23/371/Labs/lab4/Part2/RO_trng.vhd Line: 36
Info (10041): Inferred latch for "trn[7]" at RO_trng.vhd(36) File: C:/Users/colli/OneDrive/Fall23/371/Labs/lab4/Part2/RO_trng.vhd Line: 36
Info (10041): Inferred latch for "trn[8]" at RO_trng.vhd(36) File: C:/Users/colli/OneDrive/Fall23/371/Labs/lab4/Part2/RO_trng.vhd Line: 36
Info (10041): Inferred latch for "trn[9]" at RO_trng.vhd(36) File: C:/Users/colli/OneDrive/Fall23/371/Labs/lab4/Part2/RO_trng.vhd Line: 36
Info (10041): Inferred latch for "trn[10]" at RO_trng.vhd(36) File: C:/Users/colli/OneDrive/Fall23/371/Labs/lab4/Part2/RO_trng.vhd Line: 36
Info (10041): Inferred latch for "trn[11]" at RO_trng.vhd(36) File: C:/Users/colli/OneDrive/Fall23/371/Labs/lab4/Part2/RO_trng.vhd Line: 36
Info (10041): Inferred latch for "trn[12]" at RO_trng.vhd(36) File: C:/Users/colli/OneDrive/Fall23/371/Labs/lab4/Part2/RO_trng.vhd Line: 36
Info (10041): Inferred latch for "trn[13]" at RO_trng.vhd(36) File: C:/Users/colli/OneDrive/Fall23/371/Labs/lab4/Part2/RO_trng.vhd Line: 36
Info (10041): Inferred latch for "trn[14]" at RO_trng.vhd(36) File: C:/Users/colli/OneDrive/Fall23/371/Labs/lab4/Part2/RO_trng.vhd Line: 36
Info (10041): Inferred latch for "trn[15]" at RO_trng.vhd(36) File: C:/Users/colli/OneDrive/Fall23/371/Labs/lab4/Part2/RO_trng.vhd Line: 36
Info (10041): Inferred latch for "trn[16]" at RO_trng.vhd(36) File: C:/Users/colli/OneDrive/Fall23/371/Labs/lab4/Part2/RO_trng.vhd Line: 36
Info (10041): Inferred latch for "trn[17]" at RO_trng.vhd(36) File: C:/Users/colli/OneDrive/Fall23/371/Labs/lab4/Part2/RO_trng.vhd Line: 36
Info (10041): Inferred latch for "trn[18]" at RO_trng.vhd(36) File: C:/Users/colli/OneDrive/Fall23/371/Labs/lab4/Part2/RO_trng.vhd Line: 36
Info (10041): Inferred latch for "trn[19]" at RO_trng.vhd(36) File: C:/Users/colli/OneDrive/Fall23/371/Labs/lab4/Part2/RO_trng.vhd Line: 36
Info (10041): Inferred latch for "trn[20]" at RO_trng.vhd(36) File: C:/Users/colli/OneDrive/Fall23/371/Labs/lab4/Part2/RO_trng.vhd Line: 36
Info (12128): Elaborating entity "iclk" for hierarchy "iclk:u0" File: C:/Users/colli/OneDrive/Fall23/371/Labs/lab4/Part2/RO_trng.vhd Line: 27
Info (12128): Elaborating entity "altera_int_osc" for hierarchy "iclk:u0|altera_int_osc:int_osc_0" File: C:/Users/colli/OneDrive/Fall23/371/Labs/lab4/Part2/db/ip/iclk/iclk.v Line: 14
Info (286030): Timing-Driven Synthesis is running
Info (16010): Generating hard_block partition "hard_block:auto_generated_inst"
    Info (16011): Adding 1 node(s), including 0 DDIO, 0 PLL, 0 transceiver and 0 LCELL
Info (21057): Implemented 110 device resources after synthesis - the final resource count might be different
    Info (21058): Implemented 3 input pins
    Info (21059): Implemented 21 output pins
    Info (21061): Implemented 85 logic cells
Info: Quartus Prime Analysis & Synthesis was successful. 0 errors, 2 warnings
    Info: Peak virtual memory: 4881 megabytes
    Info: Processing ended: Wed Nov 29 21:07:32 2023
    Info: Elapsed time: 00:00:14
    Info: Total CPU time (on all processors): 00:00:09


